0 info it worked if it ends with ok
1 verbose cli [ 'C:\\Program Files\\nodejs\\\\node.exe',
1 verbose cli   'C:\\Program Files\\nodejs\\node_modules\\npm\\bin\\npm-cli.js',
1 verbose cli   'update',
1 verbose cli   '-g',
1 verbose cli   'yo' ]
2 info using npm@1.4.28
3 info using node@v0.10.35
4 verbose node symlink C:\Program Files\nodejs\\node.exe
5 verbose request where is /yo
6 verbose request registry https://registry.npmjs.org/
7 verbose request id 07cbeaca1f027b1f
8 verbose url raw /yo
9 verbose url resolving [ 'https://registry.npmjs.org/', './yo' ]
10 verbose url resolved https://registry.npmjs.org/yo
11 verbose request where is https://registry.npmjs.org/yo
12 info trying registry request attempt 1 at 15:10:28
13 http GET https://registry.npmjs.org/yo
14 http 200 https://registry.npmjs.org/yo
15 silly registry.get cb [ 200,
15 silly registry.get   { date: 'Sat, 10 Jan 2015 20:10:28 GMT',
15 silly registry.get     server: 'CouchDB/1.5.0 (Erlang OTP/R14B04)',
15 silly registry.get     etag: '"E039EQKIPFXTZPYUWPX5LIXAR"',
15 silly registry.get     'content-type': 'application/json',
15 silly registry.get     'cache-control': 'max-age=60',
15 silly registry.get     'content-length': '51421',
15 silly registry.get     'accept-ranges': 'bytes',
15 silly registry.get     via: '1.1 varnish',
15 silly registry.get     age: '0',
15 silly registry.get     'x-served-by': 'cache-jfk1026-JFK',
15 silly registry.get     'x-cache': 'HIT',
15 silly registry.get     'x-cache-hits': '1',
15 silly registry.get     'x-timer': 'S1420920628.599109,VS0,VE13',
15 silly registry.get     vary: 'Accept',
15 silly registry.get     'keep-alive': 'timeout=10, max=50',
15 silly registry.get     connection: 'Keep-Alive' } ]
16 info outdated updating [ [ 'C:\\Users\\npere_000\\AppData\\Roaming\\npm',
16 info outdated     'yo',
16 info outdated     '1.1.2',
16 info outdated     '1.4.1',
16 info outdated     '1.4.1',
16 info outdated     'latest' ] ]
17 verbose install where,what [ 'C:\\Users\\npere_000\\AppData\\Roaming\\npm',
17 verbose install   [ 'yo@1.4.1' ] ]
18 verbose cache add [ 'yo@1.4.1', null ]
19 verbose cache add name=undefined spec="yo@1.4.1" args=["yo@1.4.1",null]
20 verbose parsed url { protocol: null,
20 verbose parsed url   slashes: null,
20 verbose parsed url   auth: null,
20 verbose parsed url   host: null,
20 verbose parsed url   port: null,
20 verbose parsed url   hostname: null,
20 verbose parsed url   hash: null,
20 verbose parsed url   search: null,
20 verbose parsed url   query: null,
20 verbose parsed url   pathname: 'yo@1.4.1',
20 verbose parsed url   path: 'yo@1.4.1',
20 verbose parsed url   href: 'yo@1.4.1' }
21 verbose cache add name="yo" spec="1.4.1" args=["yo","1.4.1"]
22 verbose parsed url { protocol: null,
22 verbose parsed url   slashes: null,
22 verbose parsed url   auth: null,
22 verbose parsed url   host: null,
22 verbose parsed url   port: null,
22 verbose parsed url   hostname: null,
22 verbose parsed url   hash: null,
22 verbose parsed url   search: null,
22 verbose parsed url   query: null,
22 verbose parsed url   pathname: '1.4.1',
22 verbose parsed url   path: '1.4.1',
22 verbose parsed url   href: '1.4.1' }
23 verbose addNamed [ 'yo', '1.4.1' ]
24 verbose addNamed [ '1.4.1', '1.4.1' ]
25 silly lockFile 74423dea-yo-1-4-1 yo@1.4.1
26 verbose lock yo@1.4.1 C:\Users\npere_000\AppData\Roaming\npm-cache\74423dea-yo-1-4-1.lock
27 verbose registry.get https://registry.npmjs.org/yo not expired, no request
28 silly lockFile 57d43acf-gistry-npmjs-org-yo-yo-1-4-1-tgz https://registry.npmjs.org/yo/-/yo-1.4.1.tgz
29 verbose lock https://registry.npmjs.org/yo/-/yo-1.4.1.tgz C:\Users\npere_000\AppData\Roaming\npm-cache\57d43acf-gistry-npmjs-org-yo-yo-1-4-1-tgz.lock
30 verbose addRemoteTarball [ 'https://registry.npmjs.org/yo/-/yo-1.4.1.tgz',
30 verbose addRemoteTarball   'a30e4073233cffada8327b914bde2875854010f5' ]
31 info retry fetch attempt 1 at 15:10:34
32 verbose fetch to= C:\Users\NPERE_~1\AppData\Local\Temp\npm-188-PopfDkNX\registry.npmjs.org\yo\-\yo-1.4.1.tgz
33 http GET https://registry.npmjs.org/yo/-/yo-1.4.1.tgz
34 http 200 https://registry.npmjs.org/yo/-/yo-1.4.1.tgz
35 silly lockFile 57d43acf-gistry-npmjs-org-yo-yo-1-4-1-tgz https://registry.npmjs.org/yo/-/yo-1.4.1.tgz
36 silly lockFile 57d43acf-gistry-npmjs-org-yo-yo-1-4-1-tgz https://registry.npmjs.org/yo/-/yo-1.4.1.tgz
37 silly lockFile 74423dea-yo-1-4-1 yo@1.4.1
38 silly lockFile 74423dea-yo-1-4-1 yo@1.4.1
39 silly resolved [ { name: 'yo',
39 silly resolved     version: '1.4.1',
39 silly resolved     description: 'CLI tool for running Yeoman generators',
39 silly resolved     license: 'BSD',
39 silly resolved     bin: { yo: 'lib/cli.js' },
39 silly resolved     author: { name: 'Yeoman team' },
39 silly resolved     repository: { type: 'git', url: 'https://github.com/yeoman/yo' },
39 silly resolved     engines: { node: '>=0.10.0', npm: '>=2.1.0' },
39 silly resolved     scripts:
39 silly resolved      { test: 'jshint . && mocha test/**/*.js',
39 silly resolved        postinstall: 'yodoctor',
39 silly resolved        postupdate: 'yodoctor',
39 silly resolved        prepublish: 'nsp audit-package' },
39 silly resolved     files: [ 'lib' ],
39 silly resolved     keywords:
39 silly resolved      [ 'cli-app',
39 silly resolved        'cli',
39 silly resolved        'bin',
39 silly resolved        'front-end',
39 silly resolved        'development',
39 silly resolved        'dev',
39 silly resolved        'build',
39 silly resolved        'web',
39 silly resolved        'tool',
39 silly resolved        'scaffold',
39 silly resolved        'stack',
39 silly resolved        'yeoman',
39 silly resolved        'generator',
39 silly resolved        'generate',
39 silly resolved        'app',
39 silly resolved        'boilerplate' ],
39 silly resolved     dependencies:
39 silly resolved      { 'array-uniq': '^1.0.2',
39 silly resolved        async: '^0.9.0',
39 silly resolved        chalk: '^0.5.1',
39 silly resolved        configstore: '^0.3.1',
39 silly resolved        'cross-spawn': '^0.2.3',
39 silly resolved        'custom-error': '^0.2.0',
39 silly resolved        figures: '^1.3.5',
39 silly resolved        findup: '^0.1.5',
39 silly resolved        fullname: '^1.0.0',
39 silly resolved        inquirer: '^0.8.0',
39 silly resolved        insight: '^0.4.3',
39 silly resolved        lodash: '^2.4.1',
39 silly resolved        meow: '^2.0.0',
39 silly resolved        opn: '^1.0.0',
39 silly resolved        request: '^2.48.0',
39 silly resolved        'root-check': '^1.0.0',
39 silly resolved        shelljs: '^0.3.0',
39 silly resolved        'sort-on': '^1.0.0',
39 silly resolved        'string-length': '^1.0.0',
39 silly resolved        'underscore.string': '^2.3.3',
39 silly resolved        'update-notifier': '^0.2.2',
39 silly resolved        'user-home': '^1.1.0',
39 silly resolved        'yeoman-character': '^1.0.0',
39 silly resolved        'yeoman-doctor': '^1.0.0',
39 silly resolved        'yeoman-environment': '^1.0.1',
39 silly resolved        yosay: '^1.0.0' },
39 silly resolved     devDependencies:
39 silly resolved      { jshint: '^2.5.11',
39 silly resolved        mocha: '^2.1.0',
39 silly resolved        mockery: '^1.4.0',
39 silly resolved        nock: '^0.55.0',
39 silly resolved        nsp: '*',
39 silly resolved        proxyquire: '^1.0.1',
39 silly resolved        sinon: '^1.12.1' },
39 silly resolved     engineStrict: true,
39 silly resolved     preferGlobal: true,
39 silly resolved     gitHead: '928192d9c5c6b2903ebcf8c1d10e83598a4b5e8a',
39 silly resolved     bugs: { url: 'https://github.com/yeoman/yo/issues' },
39 silly resolved     homepage: 'https://github.com/yeoman/yo',
39 silly resolved     _id: 'yo@1.4.1',
39 silly resolved     _shasum: 'a30e4073233cffada8327b914bde2875854010f5',
39 silly resolved     _from: 'yo@1.4.1',
39 silly resolved     _npmVersion: '2.1.17',
39 silly resolved     _nodeVersion: '0.10.32',
39 silly resolved     _npmUser: { name: 'sboudrias', email: 'admin@simonboudrias.com' },
39 silly resolved     maintainers: [ [Object], [Object], [Object], [Object], [Object], [Object] ],
39 silly resolved     dist:
39 silly resolved      { shasum: 'a30e4073233cffada8327b914bde2875854010f5',
39 silly resolved        tarball: 'http://registry.npmjs.org/yo/-/yo-1.4.1.tgz' },
39 silly resolved     directories: {},
39 silly resolved     _resolved: 'https://registry.npmjs.org/yo/-/yo-1.4.1.tgz' } ]
40 info install yo@1.4.1 into C:\Users\npere_000\AppData\Roaming\npm
41 info installOne yo@1.4.1
42 error notsup Unsupported
42 error notsup Not compatible with your version of node/npm: yo@1.4.1
42 error notsup Required: {"node":">=0.10.0","npm":">=2.1.0"}
42 error notsup Actual:   {"npm":"1.4.28","node":"0.10.35"}
43 error System Windows_NT 6.2.9200
44 error command "C:\\Program Files\\nodejs\\\\node.exe" "C:\\Program Files\\nodejs\\node_modules\\npm\\bin\\npm-cli.js" "update" "-g" "yo"
45 error cwd C:\Users\npere_000\Documents\onsweev2
46 error node -v v0.10.35
47 error npm -v 1.4.28
48 error code ENOTSUP
49 verbose exit [ 1, true ]
